[2025-12-07T15:17:10.491+0000] {manager.py:469} INFO - Processing files using up to 2 processes at a time 
[2025-12-07T15:17:10.492+0000] {manager.py:470} INFO - Process each file at most once every 30 seconds
[2025-12-07T15:17:10.492+0000] {manager.py:471} INFO - Checking for new files in /opt/airflow/dags every 300 seconds
[2025-12-07T15:17:10.492+0000] {manager.py:738} INFO - Searching for files in /opt/airflow/dags
[2025-12-07T15:17:10.495+0000] {manager.py:741} INFO - There are 1 files in /opt/airflow/dags
[2025-12-07T15:17:10.537+0000] {manager.py:879} INFO - 
================================================================================
DAG File Processing Stats

File Path                               PID  Runtime      # DAGs    # Errors  Last Runtime    Last Run
------------------------------------  -----  ---------  --------  ----------  --------------  ----------
/opt/airflow/dags/garmin_sync_dag.py    172  0.02s             0           0
================================================================================
[2025-12-07T15:17:40.706+0000] {manager.py:879} INFO - 
================================================================================
DAG File Processing Stats

File Path                             PID    Runtime      # DAGs    # Errors  Last Runtime    Last Run
------------------------------------  -----  ---------  --------  ----------  --------------  -------------------
/opt/airflow/dags/garmin_sync_dag.py                           0           1  0.58s           2025-12-07T15:17:11
================================================================================
[2025-12-07T15:18:11.616+0000] {manager.py:879} INFO - 
================================================================================
DAG File Processing Stats

File Path                               PID  Runtime      # DAGs    # Errors  Last Runtime    Last Run
------------------------------------  -----  ---------  --------  ----------  --------------  -------------------
/opt/airflow/dags/garmin_sync_dag.py    200  0.00s             0           1  0.16s           2025-12-07T15:17:41
================================================================================
[2025-12-07T15:18:41.951+0000] {manager.py:879} INFO - 
================================================================================
DAG File Processing Stats

File Path                               PID  Runtime      # DAGs    # Errors  Last Runtime    Last Run
------------------------------------  -----  ---------  --------  ----------  --------------  -------------------
/opt/airflow/dags/garmin_sync_dag.py    214  0.01s             0           1  0.12s           2025-12-07T15:18:11
================================================================================
[2025-12-07T15:19:12.248+0000] {manager.py:879} INFO - 
================================================================================
DAG File Processing Stats

File Path                               PID  Runtime      # DAGs    # Errors  Last Runtime    Last Run
------------------------------------  -----  ---------  --------  ----------  --------------  -------------------
/opt/airflow/dags/garmin_sync_dag.py    228  0.01s             0           1  0.16s           2025-12-07T15:18:42
================================================================================
[2025-12-07T15:19:42.568+0000] {manager.py:879} INFO - 
================================================================================
DAG File Processing Stats

File Path                               PID  Runtime      # DAGs    # Errors  Last Runtime    Last Run
------------------------------------  -----  ---------  --------  ----------  --------------  -------------------
/opt/airflow/dags/garmin_sync_dag.py    242  0.01s             0           1  0.16s           2025-12-07T15:19:12
================================================================================
[2025-12-07T15:20:12.803+0000] {manager.py:879} INFO - 
================================================================================
DAG File Processing Stats

File Path                               PID  Runtime      # DAGs    # Errors  Last Runtime    Last Run
------------------------------------  -----  ---------  --------  ----------  --------------  -------------------
/opt/airflow/dags/garmin_sync_dag.py    256  0.01s             0           1  0.15s           2025-12-07T15:19:42
================================================================================
[2025-12-07T15:20:43.160+0000] {manager.py:879} INFO - 
================================================================================
DAG File Processing Stats

File Path                               PID  Runtime      # DAGs    # Errors  Last Runtime    Last Run
------------------------------------  -----  ---------  --------  ----------  --------------  -------------------
/opt/airflow/dags/garmin_sync_dag.py    270  0.00s             0           1  0.15s           2025-12-07T15:20:12
================================================================================
[2025-12-07T15:21:13.396+0000] {manager.py:879} INFO - 
================================================================================
DAG File Processing Stats

File Path                               PID  Runtime      # DAGs    # Errors  Last Runtime    Last Run
------------------------------------  -----  ---------  --------  ----------  --------------  -------------------
/opt/airflow/dags/garmin_sync_dag.py    284  0.00s             0           1  0.14s           2025-12-07T15:20:43
================================================================================
[2025-12-07T15:21:43.793+0000] {manager.py:879} INFO - 
================================================================================
DAG File Processing Stats

File Path                               PID  Runtime      # DAGs    # Errors  Last Runtime    Last Run
------------------------------------  -----  ---------  --------  ----------  --------------  -------------------
/opt/airflow/dags/garmin_sync_dag.py    290  0.01s             0           1  0.18s           2025-12-07T15:21:13
================================================================================
[2025-12-07T15:22:11.019+0000] {manager.py:738} INFO - Searching for files in /opt/airflow/dags
[2025-12-07T15:22:11.026+0000] {manager.py:741} INFO - There are 1 files in /opt/airflow/dags
[2025-12-07T15:22:14.073+0000] {manager.py:879} INFO - 
================================================================================
DAG File Processing Stats

File Path                               PID  Runtime      # DAGs    # Errors  Last Runtime    Last Run
------------------------------------  -----  ---------  --------  ----------  --------------  -------------------
/opt/airflow/dags/garmin_sync_dag.py    304  0.00s             0           1  0.16s           2025-12-07T15:21:43
================================================================================
[2025-12-07T15:22:44.411+0000] {manager.py:879} INFO - 
================================================================================
DAG File Processing Stats

File Path                               PID  Runtime      # DAGs    # Errors  Last Runtime    Last Run
------------------------------------  -----  ---------  --------  ----------  --------------  -------------------
/opt/airflow/dags/garmin_sync_dag.py    318  0.01s             0           1  0.15s           2025-12-07T15:22:14
================================================================================
[2025-12-07T15:23:14.701+0000] {manager.py:879} INFO - 
================================================================================
DAG File Processing Stats

File Path                               PID  Runtime      # DAGs    # Errors  Last Runtime    Last Run
------------------------------------  -----  ---------  --------  ----------  --------------  -------------------
/opt/airflow/dags/garmin_sync_dag.py    332  0.00s             0           1  0.16s           2025-12-07T15:22:44
================================================================================
[2025-12-07T15:23:45.030+0000] {manager.py:879} INFO - 
================================================================================
DAG File Processing Stats

File Path                               PID  Runtime      # DAGs    # Errors  Last Runtime    Last Run
------------------------------------  -----  ---------  --------  ----------  --------------  -------------------
/opt/airflow/dags/garmin_sync_dag.py    346  0.00s             0           1  0.15s           2025-12-07T15:23:14
================================================================================
[2025-12-07T15:24:15.334+0000] {manager.py:879} INFO - 
================================================================================
DAG File Processing Stats

File Path                               PID  Runtime      # DAGs    # Errors  Last Runtime    Last Run
------------------------------------  -----  ---------  --------  ----------  --------------  -------------------
/opt/airflow/dags/garmin_sync_dag.py    360  0.01s             0           1  0.16s           2025-12-07T15:23:45
================================================================================
[2025-12-07T15:24:45.639+0000] {manager.py:879} INFO - 
================================================================================
DAG File Processing Stats

File Path                               PID  Runtime      # DAGs    # Errors  Last Runtime    Last Run
------------------------------------  -----  ---------  --------  ----------  --------------  -------------------
/opt/airflow/dags/garmin_sync_dag.py    374  0.01s             0           1  0.15s           2025-12-07T15:24:15
================================================================================
[2025-12-07T15:25:15.918+0000] {manager.py:879} INFO - 
================================================================================
DAG File Processing Stats

File Path                               PID  Runtime      # DAGs    # Errors  Last Runtime    Last Run
------------------------------------  -----  ---------  --------  ----------  --------------  -------------------
/opt/airflow/dags/garmin_sync_dag.py    388  0.00s             0           1  0.16s           2025-12-07T15:24:45
================================================================================
[2025-12-07T15:25:46.211+0000] {manager.py:879} INFO - 
================================================================================
DAG File Processing Stats

File Path                               PID  Runtime      # DAGs    # Errors  Last Runtime    Last Run
------------------------------------  -----  ---------  --------  ----------  --------------  -------------------
/opt/airflow/dags/garmin_sync_dag.py    402  0.00s             0           1  0.16s           2025-12-07T15:25:16
================================================================================
[2025-12-07T15:26:16.536+0000] {manager.py:879} INFO - 
================================================================================
DAG File Processing Stats

File Path                               PID  Runtime      # DAGs    # Errors  Last Runtime    Last Run
------------------------------------  -----  ---------  --------  ----------  --------------  -------------------
/opt/airflow/dags/garmin_sync_dag.py    416  0.01s             0           1  0.13s           2025-12-07T15:25:46
================================================================================
[2025-12-07T15:26:46.846+0000] {manager.py:879} INFO - 
================================================================================
DAG File Processing Stats

File Path                               PID  Runtime      # DAGs    # Errors  Last Runtime    Last Run
------------------------------------  -----  ---------  --------  ----------  --------------  -------------------
/opt/airflow/dags/garmin_sync_dag.py    430  0.01s             0           1  0.15s           2025-12-07T15:26:16
================================================================================
[2025-12-07T15:27:11.113+0000] {manager.py:738} INFO - Searching for files in /opt/airflow/dags
[2025-12-07T15:27:11.124+0000] {manager.py:741} INFO - There are 1 files in /opt/airflow/dags
[2025-12-07T15:27:17.196+0000] {manager.py:879} INFO - 
================================================================================
DAG File Processing Stats

File Path                               PID  Runtime      # DAGs    # Errors  Last Runtime    Last Run
------------------------------------  -----  ---------  --------  ----------  --------------  -------------------
/opt/airflow/dags/garmin_sync_dag.py    444  0.01s             0           1  0.16s           2025-12-07T15:26:46
================================================================================
[2025-12-07T15:27:47.491+0000] {manager.py:879} INFO - 
================================================================================
DAG File Processing Stats

File Path                               PID  Runtime      # DAGs    # Errors  Last Runtime    Last Run
------------------------------------  -----  ---------  --------  ----------  --------------  -------------------
/opt/airflow/dags/garmin_sync_dag.py    458  0.00s             0           1  0.16s           2025-12-07T15:27:17
================================================================================
[2025-12-07T15:28:17.852+0000] {manager.py:879} INFO - 
================================================================================
DAG File Processing Stats

File Path                               PID  Runtime      # DAGs    # Errors  Last Runtime    Last Run
------------------------------------  -----  ---------  --------  ----------  --------------  -------------------
/opt/airflow/dags/garmin_sync_dag.py    472  0.01s             0           1  0.15s           2025-12-07T15:27:47
================================================================================
[2025-12-07T15:28:48.137+0000] {manager.py:879} INFO - 
================================================================================
DAG File Processing Stats

File Path                               PID  Runtime      # DAGs    # Errors  Last Runtime    Last Run
------------------------------------  -----  ---------  --------  ----------  --------------  -------------------
/opt/airflow/dags/garmin_sync_dag.py    486  0.01s             0           1  0.15s           2025-12-07T15:28:17
================================================================================
[2025-12-07T15:29:18.494+0000] {manager.py:879} INFO - 
================================================================================
DAG File Processing Stats

File Path                               PID  Runtime      # DAGs    # Errors  Last Runtime    Last Run
------------------------------------  -----  ---------  --------  ----------  --------------  -------------------
/opt/airflow/dags/garmin_sync_dag.py    500  0.01s             0           1  0.16s           2025-12-07T15:28:48
================================================================================
[2025-12-07T15:29:48.800+0000] {manager.py:879} INFO - 
================================================================================
DAG File Processing Stats

File Path                               PID  Runtime      # DAGs    # Errors  Last Runtime    Last Run
------------------------------------  -----  ---------  --------  ----------  --------------  -------------------
/opt/airflow/dags/garmin_sync_dag.py    514  0.01s             0           1  0.16s           2025-12-07T15:29:18
================================================================================
[2025-12-07T15:30:19.176+0000] {manager.py:879} INFO - 
================================================================================
DAG File Processing Stats

File Path                               PID  Runtime      # DAGs    # Errors  Last Runtime    Last Run
------------------------------------  -----  ---------  --------  ----------  --------------  -------------------
/opt/airflow/dags/garmin_sync_dag.py    528  0.01s             0           1  0.17s           2025-12-07T15:29:48
================================================================================
[2025-12-07T15:30:49.412+0000] {manager.py:879} INFO - 
================================================================================
DAG File Processing Stats

File Path                               PID  Runtime      # DAGs    # Errors  Last Runtime    Last Run
------------------------------------  -----  ---------  --------  ----------  --------------  -------------------
/opt/airflow/dags/garmin_sync_dag.py    542  0.00s             0           1  0.16s           2025-12-07T15:30:19
================================================================================
[2025-12-07T15:31:19.828+0000] {manager.py:879} INFO - 
================================================================================
DAG File Processing Stats

File Path                               PID  Runtime      # DAGs    # Errors  Last Runtime    Last Run
------------------------------------  -----  ---------  --------  ----------  --------------  -------------------
/opt/airflow/dags/garmin_sync_dag.py    556  0.01s             0           1  0.17s           2025-12-07T15:30:49
================================================================================
[2025-12-07T15:31:50.143+0000] {manager.py:879} INFO - 
================================================================================
DAG File Processing Stats

File Path                               PID  Runtime      # DAGs    # Errors  Last Runtime    Last Run
------------------------------------  -----  ---------  --------  ----------  --------------  -------------------
/opt/airflow/dags/garmin_sync_dag.py    570  0.01s             0           1  0.15s           2025-12-07T15:31:19
================================================================================
[2025-12-07T15:32:11.445+0000] {manager.py:738} INFO - Searching for files in /opt/airflow/dags
[2025-12-07T15:32:11.456+0000] {manager.py:741} INFO - There are 1 files in /opt/airflow/dags
[2025-12-07T15:32:20.570+0000] {manager.py:879} INFO - 
================================================================================
DAG File Processing Stats

File Path                               PID  Runtime      # DAGs    # Errors  Last Runtime    Last Run
------------------------------------  -----  ---------  --------  ----------  --------------  -------------------
/opt/airflow/dags/garmin_sync_dag.py    584  0.01s             0           1  0.16s           2025-12-07T15:31:50
================================================================================
[2025-12-07T15:32:50.853+0000] {manager.py:879} INFO - 
================================================================================
DAG File Processing Stats

File Path                               PID  Runtime      # DAGs    # Errors  Last Runtime    Last Run
------------------------------------  -----  ---------  --------  ----------  --------------  -------------------
/opt/airflow/dags/garmin_sync_dag.py    598  0.01s             0           1  0.16s           2025-12-07T15:32:20
================================================================================
[2025-12-07T15:33:21.196+0000] {manager.py:879} INFO - 
================================================================================
DAG File Processing Stats

File Path                               PID  Runtime      # DAGs    # Errors  Last Runtime    Last Run
------------------------------------  -----  ---------  --------  ----------  --------------  -------------------
/opt/airflow/dags/garmin_sync_dag.py    612  0.01s             0           1  0.18s           2025-12-07T15:32:51
================================================================================
[2025-12-07T15:33:51.539+0000] {manager.py:879} INFO - 
================================================================================
DAG File Processing Stats

File Path                               PID  Runtime      # DAGs    # Errors  Last Runtime    Last Run
------------------------------------  -----  ---------  --------  ----------  --------------  -------------------
/opt/airflow/dags/garmin_sync_dag.py    626  0.01s             0           1  0.14s           2025-12-07T15:33:21
================================================================================
[2025-12-07T15:34:21.827+0000] {manager.py:879} INFO - 
================================================================================
DAG File Processing Stats

File Path                               PID  Runtime      # DAGs    # Errors  Last Runtime    Last Run
------------------------------------  -----  ---------  --------  ----------  --------------  -------------------
/opt/airflow/dags/garmin_sync_dag.py    640  0.01s             0           1  0.16s           2025-12-07T15:33:51
================================================================================
[2025-12-07T15:34:52.194+0000] {manager.py:879} INFO - 
================================================================================
DAG File Processing Stats

File Path                               PID  Runtime      # DAGs    # Errors  Last Runtime    Last Run
------------------------------------  -----  ---------  --------  ----------  --------------  -------------------
/opt/airflow/dags/garmin_sync_dag.py    654  0.01s             0           1  0.17s           2025-12-07T15:34:21
================================================================================
[2025-12-07T15:35:22.483+0000] {manager.py:879} INFO - 
================================================================================
DAG File Processing Stats

File Path                               PID  Runtime      # DAGs    # Errors  Last Runtime    Last Run
------------------------------------  -----  ---------  --------  ----------  --------------  -------------------
/opt/airflow/dags/garmin_sync_dag.py    668  0.01s             0           1  0.16s           2025-12-07T15:34:52
================================================================================
[2025-12-07T15:35:52.775+0000] {manager.py:879} INFO - 
================================================================================
DAG File Processing Stats

File Path                               PID  Runtime      # DAGs    # Errors  Last Runtime    Last Run
------------------------------------  -----  ---------  --------  ----------  --------------  -------------------
/opt/airflow/dags/garmin_sync_dag.py    682  0.01s             0           1  0.15s           2025-12-07T15:35:22
================================================================================
[2025-12-07T15:36:23.154+0000] {manager.py:879} INFO - 
================================================================================
DAG File Processing Stats

File Path                               PID  Runtime      # DAGs    # Errors  Last Runtime    Last Run
------------------------------------  -----  ---------  --------  ----------  --------------  -------------------
/opt/airflow/dags/garmin_sync_dag.py    696  0.01s             0           1  0.22s           2025-12-07T15:35:52
================================================================================
[2025-12-07T15:36:53.493+0000] {manager.py:879} INFO - 
================================================================================
DAG File Processing Stats

File Path                               PID  Runtime      # DAGs    # Errors  Last Runtime    Last Run
------------------------------------  -----  ---------  --------  ----------  --------------  -------------------
/opt/airflow/dags/garmin_sync_dag.py    710  0.00s             0           1  0.16s           2025-12-07T15:36:23
================================================================================
[2025-12-07T15:37:11.640+0000] {manager.py:738} INFO - Searching for files in /opt/airflow/dags
[2025-12-07T15:37:11.648+0000] {manager.py:741} INFO - There are 1 files in /opt/airflow/dags
[2025-12-07T15:37:23.794+0000] {manager.py:879} INFO - 
================================================================================
DAG File Processing Stats

File Path                               PID  Runtime      # DAGs    # Errors  Last Runtime    Last Run
------------------------------------  -----  ---------  --------  ----------  --------------  -------------------
/opt/airflow/dags/garmin_sync_dag.py    724  0.01s             0           1  0.15s           2025-12-07T15:36:53
================================================================================
